[2018-07-10 17:36:26,975] ERROR {org.ballerinalang.launcher.Main} - Do you mean to run the ballerina package as a project? If so run ballerina init to make it a project with a .ballerina directory 
org.ballerinalang.util.exceptions.BallerinaException: Do you mean to run the ballerina package as a project? If so run ballerina init to make it a project with a .ballerina directory
	at org.ballerinalang.launcher.LauncherUtils.runProgram(LauncherUtils.java:90)
	at org.ballerinalang.launcher.Main$RunCmd.execute(Main.java:256)
	at java.util.Optional.ifPresent(Optional.java:159)
	at org.ballerinalang.launcher.Main.main(Main.java:66)
 
[2018-07-24 09:10:37,199] ERROR {org.ballerinalang.launcher.Main} - Do you mean to run the ballerina package as a project? If so run ballerina init to make it a project with a .ballerina directory 
org.ballerinalang.util.exceptions.BallerinaException: Do you mean to run the ballerina package as a project? If so run ballerina init to make it a project with a .ballerina directory
	at org.ballerinalang.launcher.LauncherUtils.runProgram(LauncherUtils.java:90)
	at org.ballerinalang.launcher.Main$RunCmd.execute(Main.java:256)
	at java.util.Optional.ifPresent(Optional.java:159)
	at org.ballerinalang.launcher.Main.main(Main.java:66)
 
[2018-07-24 09:10:37,840] ERROR {org.ballerinalang.launcher.Main} - Do you mean to run the ballerina package as a project? If so run ballerina init to make it a project with a .ballerina directory 
org.ballerinalang.util.exceptions.BallerinaException: Do you mean to run the ballerina package as a project? If so run ballerina init to make it a project with a .ballerina directory
	at org.ballerinalang.launcher.LauncherUtils.runProgram(LauncherUtils.java:90)
	at org.ballerinalang.launcher.Main$RunCmd.execute(Main.java:256)
	at java.util.Optional.ifPresent(Optional.java:159)
	at org.ballerinalang.launcher.Main.main(Main.java:66)
 
[2018-07-24 09:10:54,081] ERROR {org.ballerinalang.launcher.Main} - Do you mean to run the ballerina package as a project? If so run ballerina init to make it a project with a .ballerina directory 
org.ballerinalang.util.exceptions.BallerinaException: Do you mean to run the ballerina package as a project? If so run ballerina init to make it a project with a .ballerina directory
	at org.ballerinalang.launcher.LauncherUtils.runProgram(LauncherUtils.java:90)
	at org.ballerinalang.launcher.Main$RunCmd.execute(Main.java:256)
	at java.util.Optional.ifPresent(Optional.java:159)
	at org.ballerinalang.launcher.Main.main(Main.java:66)
 
[2018-07-24 09:14:26,529] ERROR {org.ballerinalang.launcher.Main} - Do you mean to run the ballerina package as a project? If so run ballerina init to make it a project with a .ballerina directory 
org.ballerinalang.util.exceptions.BallerinaException: Do you mean to run the ballerina package as a project? If so run ballerina init to make it a project with a .ballerina directory
	at org.ballerinalang.launcher.LauncherUtils.runProgram(LauncherUtils.java:90)
	at org.ballerinalang.launcher.Main$RunCmd.execute(Main.java:256)
	at java.util.Optional.ifPresent(Optional.java:159)
	at org.ballerinalang.launcher.Main.main(Main.java:66)
 
